[max-themes.net/demos/bigslam/soccer3/index.html]
[backblue.gif]
[fade.gif]
[index.html]
[max-themes.net/demos/bigslam/soccer3/plugins/goodlayers-core/plugins/fontawesome/font-awesome.css]
[max-themes.net/demos/bigslam/soccer3/plugins/goodlayers-core/plugins/elegant/elegant-font.css]
[max-themes.net/demos/bigslam/soccer3/plugins/goodlayers-core/plugins/style.css]
[max-themes.net/demos/bigslam/soccer3/plugins/goodlayers-core/include/css/page-builder.css]
[max-themes.net/demos/bigslam/soccer3/plugins/goodlayers-core/plugins/fa5/fa5.css]
[max-themes.net/demos/bigslam/soccer3/plugins/goodlayers-core/plugins/ionicons/ionicons.css]
[max-themes.net/demos/bigslam/soccer3/plugins/goodlayers-core/plugins/simpleline/simpleline.css]
[max-themes.net/demos/bigslam/soccer3/plugins/revslider/public/assets/css/rs6.css]
[max-themes.net/demos/bigslam/soccer3/plugins/sportspress/assets/css/sportspress.css]
[max-themes.net/demos/bigslam/soccer3/plugins/sportspress/assets/css/icons.css]
[max-themes.net/demos/bigslam/soccer3/css/style-core.css]
[max-themes.net/demos/bigslam/soccer3/css/bigslam-style-custom.css]
[max-themes.net/demos/bigslam/soccer3/plugins/google-map-plugin/assets/css/frontend.css]
[max-themes.net/demos/bigslam/soccer3/index.htm]
[max-themes.net/demos/bigslam/soccer3/upload/logo.png]
[max-themes.net/demos/bigslam/soccer3/schedule.html]
[max-themes.net/demos/bigslam/soccer3/schedule-featured-style.html]
[max-themes.net/demos/bigslam/soccer3/schedule-medium-style.html]
[max-themes.net/demos/bigslam/soccer3/schedule-widget-style.html]
[max-themes.net/demos/bigslam/soccer3/player-list-default-style.html]
[max-themes.net/demos/bigslam/soccer3/player-list-gallery.html]
[max-themes.net/demos/bigslam/soccer3/player-list-style-1.html]
[max-themes.net/demos/bigslam/soccer3/player-list-style-2.html]
[max-themes.net/demos/bigslam/soccer3/big-slam.html]
[max-themes.net/demos/bigslam/soccer3/games-details.html]
[max-themes.net/demos/bigslam/soccer3/game-results.html]
[max-themes.net/demos/bigslam/soccer3/game-box-scores.html]
[max-themes.net/demos/bigslam/soccer3/game-calendar.html]
[max-themes.net/demos/bigslam/soccer3/game-list.html]
[max-themes.net/demos/bigslam/soccer3/game-blocks.html]
[max-themes.net/demos/bigslam/soccer3/game-countdown.html]
[max-themes.net/demos/bigslam/soccer3/player-details.html]
[max-themes.net/demos/bigslam/soccer3/player-statics.html]
[max-themes.net/demos/bigslam/soccer3/league-table.html]
[max-themes.net/demos/bigslam/soccer3/about-us.html]
[max-themes.net/demos/bigslam/soccer3/about-us-2.html]
[max-themes.net/demos/bigslam/soccer3/about-us-3.html]
[max-themes.net/demos/bigslam/soccer3/about-our-team.html]
[max-themes.net/demos/bigslam/soccer3/portfolio-3-columns.html]
[max-themes.net/demos/bigslam/soccer3/portfolio-2-columns.html]
[max-themes.net/demos/bigslam/soccer3/portfolio-4-columns.html]
[max-themes.net/demos/bigslam/soccer3/portfolio-5-columns.html]
[max-themes.net/demos/bigslam/soccer3/portfolio-2-columns-with-frame.html]
[max-themes.net/demos/bigslam/soccer3/portfolio-3-columns-with-frame.html]
[max-themes.net/demos/bigslam/soccer3/portfolio-4-columns-with-frame.html]
[max-themes.net/demos/bigslam/soccer3/portfolio-2-columns-no-space.html]
[max-themes.net/demos/bigslam/soccer3/portfolio-3-columns-no-space.html]
[max-themes.net/demos/bigslam/soccer3/portfolio-4-columns-no-space.html]
[max-themes.net/demos/bigslam/soccer3/portfolio-5-columns-no-space.html]
[max-themes.net/demos/bigslam/soccer3/portfolio-masonry-4-columns.html]
[max-themes.net/demos/bigslam/soccer3/portfolio-masonry-3-columns.html]
[max-themes.net/demos/bigslam/soccer3/portfolio-masonry-2-columns.html]
[max-themes.net/demos/bigslam/soccer3/portfolio-masonry-4-columns-no-space.html]
[max-themes.net/demos/bigslam/soccer3/portfolio-masonry-3-columns-no-space.html]
[max-themes.net/demos/bigslam/soccer3/portfolio-masonry-2-columns-no-space.html]
[max-themes.net/demos/bigslam/soccer3/portfolio-left-small-thumbnail.html]
[max-themes.net/demos/bigslam/soccer3/portfolio-right-small-thumbnail.html]
[max-themes.net/demos/bigslam/soccer3/contact.html]
[max-themes.net/demos/bigslam/soccer3/price-table.html]
[max-themes.net/demos/bigslam/soccer3/maintenance.html]
[max-themes.net/demos/bigslam/soccer3/coming-soon.html]
[max-themes.net/demos/bigslam/soccer3/404.html]
[max-themes.net/demos/bigslam/soccer3/blog-full-right-sidebar.html]
[max-themes.net/demos/bigslam/soccer3/blog-full-right-sidebar-with-frame.html]
[max-themes.net/demos/bigslam/soccer3/blog-full-left-sidebar-with-frame.html]
[max-themes.net/demos/bigslam/soccer3/blog-full-both-sidebar-with-frame.html]
[max-themes.net/demos/bigslam/soccer3/blog-full-left-sidebar.html]
[max-themes.net/demos/bigslam/soccer3/blog-full-both-sidebar.html]
[max-themes.net/demos/bigslam/soccer3/blog-grid-3-columns-no-space.html]
[max-themes.net/demos/bigslam/soccer3/blog-grid-2-columns.html]
[max-themes.net/demos/bigslam/soccer3/blog-grid-3-columns.html]
[max-themes.net/demos/bigslam/soccer3/blog-grid-4-columns.html]
[max-themes.net/demos/bigslam/soccer3/blog-3-columns-with-frame.html]
[max-themes.net/demos/bigslam/soccer3/blog-2-columns.html]
[max-themes.net/demos/bigslam/soccer3/blog-3-columns.html]
[max-themes.net/demos/bigslam/soccer3/blog-4-columns.html]
[max-themes.net/demos/bigslam/soccer3/standard-post-type.html]
[max-themes.net/demos/bigslam/soccer3/accordions-toggles.html]
[max-themes.net/demos/bigslam/soccer3/alert-box.html]
[max-themes.net/demos/bigslam/soccer3/blockquotes.html]
[max-themes.net/demos/bigslam/soccer3/buttons.html]
[max-themes.net/demos/bigslam/soccer3/call-to-action.html]
[max-themes.net/demos/bigslam/soccer3/column-services.html]
[max-themes.net/demos/bigslam/soccer3/columns.html]
[max-themes.net/demos/bigslam/soccer3/counters.html]
[max-themes.net/demos/bigslam/soccer3/count-down.html]
[max-themes.net/demos/bigslam/soccer3/dividers.html]
[max-themes.net/demos/bigslam/soccer3/dropcaps.html]
[max-themes.net/demos/bigslam/soccer3/featured-boxes.html]
[max-themes.net/demos/bigslam/soccer3/flip-boxes.html]
[max-themes.net/demos/bigslam/soccer3/icon-list.html]
[max-themes.net/demos/bigslam/soccer3/icons.html]
[max-themes.net/demos/bigslam/soccer3/images.html]
[max-themes.net/demos/bigslam/soccer3/promo-boxes.html]
[max-themes.net/demos/bigslam/soccer3/skill-bar.html]
[max-themes.net/demos/bigslam/soccer3/skill-circle.html]
[max-themes.net/demos/bigslam/soccer3/social-shares.html]
[max-themes.net/demos/bigslam/soccer3/stunning-texts.html]
[max-themes.net/demos/bigslam/soccer3/tabs-horizontal.html]
[max-themes.net/demos/bigslam/soccer3/tabs-vertical.html]
[max-themes.net/demos/bigslam/soccer3/testimonial.html]
[max-themes.net/demos/bigslam/soccer3/titles.html]
[max-themes.net/demos/bigslam/soccer3/typography.html]
[max-themes.net/demos/bigslam/soccer3/upload/hp3-slider-1.jpg]
[max-themes.net/demos/bigslam/soccer3/upload/dot-blue.png]
[max-themes.net/demos/bigslam/soccer3/upload/hp3-slider-2.jpg]
[max-themes.net/demos/bigslam/soccer3/upload/hp3-slider-3.jpg]
[max-themes.net/demos/bigslam/soccer3/upload/bg-p1.jpg]
[max-themes.net/demos/bigslam/soccer3/upload/player-hp3.png]
[max-themes.net/demos/bigslam/soccer3/upload/bg-Latest-hp2.jpg]
[max-themes.net/demos/bigslam/soccer3/upload/flag-15.png]
[max-themes.net/demos/bigslam/soccer3/upload/flag-13.png]
[max-themes.net/demos/bigslam/soccer3/upload/flag-4.png]
[max-themes.net/demos/bigslam/soccer3/upload/flag-19.png]
[max-themes.net/demos/bigslam/soccer3/upload/flag-16.png]
[max-themes.net/demos/bigslam/soccer3/venue/spurs-stadium/index.htm]
[max-themes.net/demos/bigslam/soccer3/upload/flag-4-30x32.png]
[max-themes.net/demos/bigslam/soccer3/event/juventus-vs-man-utd/index.htm]
[max-themes.net/demos/bigslam/soccer3/upload/flag-12-26x32.png]
[max-themes.net/demos/bigslam/soccer3/upload/flag-19-28x32.png]
[max-themes.net/demos/bigslam/soccer3/upload/flag-14-30x32.png]
[max-themes.net/demos/bigslam/soccer3/upload/flag-13-28x32.png]
[max-themes.net/demos/bigslam/soccer3/upload/flag-2-26x32.png]
[max-themes.net/demos/bigslam/soccer3/upload/flag-20-32x28.png]
[max-themes.net/demos/bigslam/soccer3/upload/flag-15-32x32.png]
[max-themes.net/demos/bigslam/soccer3/upload/bg-box.jpg]
[max-themes.net/demos/bigslam/soccer3/upload/flag-20.png]
[max-themes.net/demos/bigslam/soccer3/upload/bg-ig-2.jpg]
[max-themes.net/demos/bigslam/soccer3/upload/shutterstock_433241116.jpg]
[max-themes.net/demos/bigslam/soccer3/upload/shutterstock_433241116-550x500.jpg]
[max-themes.net/demos/bigslam/soccer3/upload/shutterstock_433241107.jpg]
[max-themes.net/demos/bigslam/soccer3/upload/shutterstock_433241107-550x500.jpg]
[max-themes.net/demos/bigslam/soccer3/upload/pic-gel-1.jpg]
[max-themes.net/demos/bigslam/soccer3/upload/pic-gel-1-550x500.jpg]
[max-themes.net/demos/bigslam/soccer3/upload/Untitled-12.jpg]
[max-themes.net/demos/bigslam/soccer3/upload/Untitled-12-550x500.jpg]
[max-themes.net/demos/bigslam/soccer3/upload/pic-gel-2.jpg]
[max-themes.net/demos/bigslam/soccer3/upload/pic-gel-2-550x500.jpg]
[max-themes.net/demos/bigslam/soccer3/upload/bg-sh-hp2.jpg]
[max-themes.net/demos/bigslam/soccer3/upload/flag-19-112x128.png]
[max-themes.net/demos/bigslam/soccer3/upload/flag-2-105x128.png]
[max-themes.net/demos/bigslam/soccer3/upload/flag-14.png]
[max-themes.net/demos/bigslam/soccer3/upload/flag-8.png]
[max-themes.net/demos/bigslam/soccer3/upload/flag-16-90x128.png]
[max-themes.net/demos/bigslam/soccer3/upload/bg-sponsor.jpg]
[max-themes.net/demos/bigslam/soccer3/upload/sponsor-1.png]
[max-themes.net/demos/bigslam/soccer3/upload/sponsor-2.png]
[max-themes.net/demos/bigslam/soccer3/upload/sponsor-3.png]
[max-themes.net/demos/bigslam/soccer3/upload/sponsor-4.png]
[max-themes.net/demos/bigslam/soccer3/upload/bg.jpg]
[max-themes.net/demos/bigslam/soccer3/upload/photodune-3281784-soccer-player-m-red-2-700x577.jpg]
[max-themes.net/demos/bigslam/soccer3/upload/Georginio-Wijnaldum-700x577.jpg]
[max-themes.net/demos/bigslam/soccer3/upload/Joe-Gomez-700x577.jpg]
[max-themes.net/demos/bigslam/soccer3/upload/Naby-Keïta-700x577.jpg]
[max-themes.net/demos/bigslam/soccer3/upload/Roberto-Firmino-1-700x577.jpg]
[max-themes.net/demos/bigslam/soccer3/upload/salah-700x577.jpg]
[max-themes.net/demos/bigslam/soccer3/upload/James-Milner-700x577.jpg]
[max-themes.net/demos/bigslam/soccer3/upload/origi-700x577.jpg]
[max-themes.net/demos/bigslam/soccer3/upload/dadadad.jpg]
[max-themes.net/demos/bigslam/soccer3/upload/bg-shop-1.jpg]
[max-themes.net/demos/bigslam/soccer3/upload/photo-1552066344-c9babee39cd0-600x647.jpg]
[max-themes.net/demos/bigslam/soccer3/upload/photodune-2998106-soccer-player-m-600x647.jpg]
[max-themes.net/demos/bigslam/soccer3/upload/photo-1511886929837-354d827aae26-600x647.jpg]
[max-themes.net/demos/bigslam/soccer3/upload/photo-1567117632960-56e34a4c2456-600x647.jpg]
[max-themes.net/demos/bigslam/soccer3/upload/photo-1508147840258-7d4e11798d4d-600x647.jpg]
[max-themes.net/demos/bigslam/soccer3/upload/photo-1552066379-e7bfd22155c5-600x647.jpg]
[max-themes.net/demos/bigslam/soccer3/upload/photodune-8534664-soccer-shoes-m-600x647.jpg]
[max-themes.net/demos/bigslam/soccer3/upload/photo-1554728667-662368ae729a-600x647.jpg]
[max-themes.net/demos/bigslam/soccer3/upload/photodune-4026532-green-tshirt-isolated-on-white-background-m-600x647.jpg]
[max-themes.net/demos/bigslam/soccer3/upload/bg-4.jpg]
[max-themes.net/demos/bigslam/soccer3/upload/salah-150x150.jpg]
[max-themes.net/demos/bigslam/soccer3/upload/origi-150x150.jpg]
[max-themes.net/demos/bigslam/soccer3/upload/Naby-Keïta-150x150.jpg]
[max-themes.net/demos/bigslam/soccer3/upload/James-Milner-150x150.jpg]
[max-themes.net/demos/bigslam/soccer3/upload/pic-soccer.jpg]
[max-themes.net/demos/bigslam/soccer3/upload/logo-play-hp3.png]
[max-themes.net/demos/bigslam/soccer3/upload/bg-blog4.jpg]
[max-themes.net/demos/bigslam/soccer3/upload/shutterstock_706586722-550x500.jpg]
[max-themes.net/demos/bigslam/soccer3/upload/shutterstock_1106251691-550x500.jpg]
[max-themes.net/demos/bigslam/soccer3/upload/shutterstock_719387275-550x500.jpg]
[max-themes.net/demos/bigslam/soccer3/schedule/index.htm]
[max-themes.net/demos/bigslam/soccer3/player-list-default-style/index.htm]
[max-themes.net/demos/bigslam/soccer3/team/liverpool/index.htm]
[max-themes.net/demos/bigslam/soccer3/blog-full-right-sidebar/index.htm]
[max-themes.net/demos/bigslam/soccer3/js/jquery/jquery.js]
[max-themes.net/demos/bigslam/soccer3/js/jquery/jquery-migrate.min.js]
[max-themes.net/demos/bigslam/soccer3/plugins/revslider/public/assets/js/revolution.tools.min.js]
[max-themes.net/demos/bigslam/soccer3/plugins/revslider/public/assets/js/rs6.min.js]
[max-themes.net/demos/bigslam/soccer3/plugins/snazzy-maps/snazzymaps.js]
[max-themes.net/demos/bigslam/soccer3/plugins/goodlayers-core/plugins/script.js]
[max-themes.net/demos/bigslam/soccer3/plugins/goodlayers-core/include/js/page-builder.js]
[max-themes.net/demos/bigslam/soccer3/plugins/sportspress/assets/js/jquery.dataTables.min.js]
[max-themes.net/demos/bigslam/soccer3/plugins/sportspress/assets/js/sportspress.js]
[max-themes.net/demos/bigslam/soccer3/js/jquery/ui/effect.min.js]
[max-themes.net/demos/bigslam/soccer3/js/plugins.js]
[max-themes.net/demos/bigslam/soccer3/index.html]
[max-themes.net/demos/bigslam/soccer3/plugins/google-map-plugin/assets/js/maps.js]
[max-themes.net/demos/bigslam/soccer3/plugins/goodlayers-core/plugins/fontawesome/fontawesome-webfont.eot]
[max-themes.net/demos/bigslam/soccer3/plugins/goodlayers-core/plugins/fontawesome/fontawesome-webfont-1.eot]
[max-themes.net/demos/bigslam/soccer3/plugins/goodlayers-core/plugins/fontawesome/fontawesome-webfont.woff2]
[max-themes.net/demos/bigslam/soccer3/plugins/goodlayers-core/plugins/fontawesome/fontawesome-webfont.woff]
[max-themes.net/demos/bigslam/soccer3/plugins/goodlayers-core/plugins/fontawesome/fontawesome-webfont.ttf]
[max-themes.net/demos/bigslam/soccer3/plugins/goodlayers-core/plugins/fontawesome/font-awesome.css]
[max-themes.net/demos/bigslam/soccer3/plugins/goodlayers-core/plugins/fontawesome/fontawesome-webfont.svg]
[max-themes.net/demos/bigslam/soccer3/plugins/goodlayers-core/plugins/elegant/ElegantIcons.eot]
[max-themes.net/demos/bigslam/soccer3/plugins/goodlayers-core/plugins/elegant/ElegantIcons-1.eot]
[max-themes.net/demos/bigslam/soccer3/plugins/goodlayers-core/plugins/elegant/ElegantIcons.woff]
[max-themes.net/demos/bigslam/soccer3/plugins/goodlayers-core/plugins/elegant/ElegantIcons.ttf]
[max-themes.net/demos/bigslam/soccer3/plugins/goodlayers-core/plugins/elegant/elegant-font.css]
[max-themes.net/demos/bigslam/soccer3/plugins/goodlayers-core/plugins/elegant/ElegantIcons.svg]
[max-themes.net/demos/bigslam/soccer3/plugins/goodlayers-core/plugins/skin-ilightbox/closedhand.cur]
[max-themes.net/demos/bigslam/soccer3/plugins/goodlayers-core/plugins/skin-ilightbox/social_icons/facebook_16.png]
[max-themes.net/demos/bigslam/soccer3/plugins/goodlayers-core/plugins/skin-ilightbox/social_icons/digg_16.png]
[max-themes.net/demos/bigslam/soccer3/plugins/goodlayers-core/plugins/skin-ilightbox/social_icons/twitter_16.png]
[max-themes.net/demos/bigslam/soccer3/plugins/goodlayers-core/plugins/skin-ilightbox/social_icons/delicious_16.png]
[max-themes.net/demos/bigslam/soccer3/plugins/goodlayers-core/plugins/skin-ilightbox/social_icons/reddit_16.png]
[max-themes.net/demos/bigslam/soccer3/plugins/goodlayers-core/plugins/skin-ilightbox/social_icons/google_plus_16.png]
[max-themes.net/demos/bigslam/soccer3/plugins/goodlayers-core/plugins/skin-ilightbox/dark-skin/preloader.gif]
[max-themes.net/demos/bigslam/soccer3/plugins/goodlayers-core/plugins/skin-ilightbox/dark-skin/caption-bg.png]
[max-themes.net/demos/bigslam/soccer3/plugins/goodlayers-core/plugins/skin-ilightbox/dark-skin/alert.png]
[max-themes.net/demos/bigslam/soccer3/plugins/goodlayers-core/plugins/skin-ilightbox/dark-skin/buttons.png]
[max-themes.net/demos/bigslam/soccer3/plugins/goodlayers-core/plugins/skin-ilightbox/dark-skin/fullscreen-icon-64.png]
[max-themes.net/demos/bigslam/soccer3/plugins/goodlayers-core/plugins/skin-ilightbox/dark-skin/fullscreen-icon-ie.png]
[max-themes.net/demos/bigslam/soccer3/plugins/goodlayers-core/plugins/skin-ilightbox/dark-skin/x-mark-icon-64.png]
[max-themes.net/demos/bigslam/soccer3/plugins/goodlayers-core/plugins/skin-ilightbox/dark-skin/x-mark-icon-ie.png]
[max-themes.net/demos/bigslam/soccer3/plugins/goodlayers-core/plugins/skin-ilightbox/dark-skin/arrow-next-icon-64.png]
[max-themes.net/demos/bigslam/soccer3/plugins/goodlayers-core/plugins/skin-ilightbox/dark-skin/arrow-next-icon-ie.png]
[max-themes.net/demos/bigslam/soccer3/plugins/goodlayers-core/plugins/skin-ilightbox/dark-skin/arrow-prev-icon-64.png]
[max-themes.net/demos/bigslam/soccer3/plugins/goodlayers-core/plugins/skin-ilightbox/dark-skin/arrow-prev-icon-ie.png]
[max-themes.net/demos/bigslam/soccer3/plugins/goodlayers-core/plugins/skin-ilightbox/dark-skin/play-icon-64.png]
[max-themes.net/demos/bigslam/soccer3/plugins/goodlayers-core/plugins/skin-ilightbox/dark-skin/play-icon-ie.png]
[max-themes.net/demos/bigslam/soccer3/plugins/goodlayers-core/plugins/skin-ilightbox/dark-skin/pause-icon-64.png]
[max-themes.net/demos/bigslam/soccer3/plugins/goodlayers-core/plugins/skin-ilightbox/dark-skin/pause-icon-ie.png]
[max-themes.net/demos/bigslam/soccer3/plugins/goodlayers-core/plugins/skin-ilightbox/dark-skin/thumb-overlay-play.png]
[max-themes.net/demos/bigslam/soccer3/plugins/goodlayers-core/plugins/skin-ilightbox/dark-skin/arrow-next-vertical-icon-64.png]
[max-themes.net/demos/bigslam/soccer3/plugins/goodlayers-core/plugins/skin-ilightbox/dark-skin/arrow-prev-vertical-icon-64.png]
[max-themes.net/demos/bigslam/soccer3/plugins/goodlayers-core/plugins/arrow-prev-icon-64.png]
[max-themes.net/demos/bigslam/soccer3/plugins/goodlayers-core/plugins/style.css]
[max-themes.net/demos/bigslam/soccer3/plugins/goodlayers-core/include/images/blog-style/blog-item-gradient.png]
[max-themes.net/demos/bigslam/soccer3/plugins/goodlayers-core/include/images/blog-style/blog-item-gradient2.png]
[max-themes.net/demos/bigslam/soccer3/plugins/goodlayers-core/include/images/post-slider/gradient.png]
[max-themes.net/demos/bigslam/soccer3/plugins/goodlayers-core/include/images/gallery/gallery-shadow.png]
[max-themes.net/demos/bigslam/soccer3/plugins/goodlayers-core/include/images/portfolio/now-loading.gif]
[max-themes.net/demos/bigslam/soccer3/plugins/goodlayers-core/include/images/content-blocked.jpg]
[max-themes.net/demos/bigslam/soccer3/plugins/goodlayers-core/include/css/page-builder.css]
[max-themes.net/demos/bigslam/soccer3/plugins/goodlayers-core/plugins/fa5/fa-brands-400.eot]
[max-themes.net/demos/bigslam/soccer3/plugins/goodlayers-core/plugins/fa5/fa-brands-400-1.eot]
[max-themes.net/demos/bigslam/soccer3/plugins/goodlayers-core/plugins/fa5/fa-brands-400.woff2]
[max-themes.net/demos/bigslam/soccer3/plugins/goodlayers-core/plugins/fa5/fa-brands-400.woff]
[max-themes.net/demos/bigslam/soccer3/plugins/goodlayers-core/plugins/fa5/fa-brands-400.ttf]
[max-themes.net/demos/bigslam/soccer3/plugins/goodlayers-core/plugins/fa5/fa-brands-400.svg]
[max-themes.net/demos/bigslam/soccer3/plugins/goodlayers-core/plugins/fa5/fa-regular-400.eot]
[max-themes.net/demos/bigslam/soccer3/plugins/goodlayers-core/plugins/fa5/fa-regular-400-1.eot]
[max-themes.net/demos/bigslam/soccer3/plugins/goodlayers-core/plugins/fa5/fa-regular-400.woff2]
[max-themes.net/demos/bigslam/soccer3/plugins/goodlayers-core/plugins/fa5/fa-regular-400.woff]
[max-themes.net/demos/bigslam/soccer3/plugins/goodlayers-core/plugins/fa5/fa-regular-400.ttf]
[max-themes.net/demos/bigslam/soccer3/plugins/goodlayers-core/plugins/fa5/fa-regular-400.svg]
[max-themes.net/demos/bigslam/soccer3/plugins/goodlayers-core/plugins/fa5/fa-solid-900.eot]
[max-themes.net/demos/bigslam/soccer3/plugins/goodlayers-core/plugins/fa5/fa-solid-900-1.eot]
[max-themes.net/demos/bigslam/soccer3/plugins/goodlayers-core/plugins/fa5/fa-solid-900.woff2]
[max-themes.net/demos/bigslam/soccer3/plugins/goodlayers-core/plugins/fa5/fa-solid-900.woff]
[max-themes.net/demos/bigslam/soccer3/plugins/goodlayers-core/plugins/fa5/fa-solid-900.ttf]
[max-themes.net/demos/bigslam/soccer3/plugins/goodlayers-core/plugins/fa5/fa5.css]
[max-themes.net/demos/bigslam/soccer3/plugins/goodlayers-core/plugins/fa5/fa-solid-900.svg]
[max-themes.net/demos/bigslam/soccer3/plugins/goodlayers-core/plugins/ionicons/ionicons.eot]
[max-themes.net/demos/bigslam/soccer3/plugins/goodlayers-core/plugins/ionicons/ionicons.ttf]
[max-themes.net/demos/bigslam/soccer3/plugins/goodlayers-core/plugins/ionicons/ionicons.woff]
[max-themes.net/demos/bigslam/soccer3/plugins/goodlayers-core/plugins/ionicons/ionicons.css]
[max-themes.net/demos/bigslam/soccer3/plugins/goodlayers-core/plugins/ionicons/ionicons.svg]
[max-themes.net/demos/bigslam/soccer3/plugins/goodlayers-core/plugins/simpleline/Simple-Line-Icons.eot]
[max-themes.net/demos/bigslam/soccer3/plugins/goodlayers-core/plugins/simpleline/Simple-Line-Icons.woff2]
[max-themes.net/demos/bigslam/soccer3/plugins/goodlayers-core/plugins/simpleline/Simple-Line-Icons.ttf]
[max-themes.net/demos/bigslam/soccer3/plugins/goodlayers-core/plugins/simpleline/Simple-Line-Icons.woff]
[max-themes.net/demos/bigslam/soccer3/plugins/goodlayers-core/plugins/simpleline/simpleline.css]
[max-themes.net/demos/bigslam/soccer3/plugins/goodlayers-core/plugins/simpleline/Simple-Line-Icons.svg]
[max-themes.net/demos/bigslam/soccer3/plugins/revslider/public/assets/fonts/revicons/revicons.eot]
[max-themes.net/demos/bigslam/soccer3/plugins/revslider/public/assets/fonts/revicons/revicons.woff]
[max-themes.net/demos/bigslam/soccer3/plugins/revslider/public/assets/fonts/revicons/revicons.ttf]
[max-themes.net/demos/bigslam/soccer3/plugins/revslider/public/assets/fonts/revicons/revicons.svg]
[max-themes.net/demos/bigslam/soccer3/plugins/revslider/public/assets/css/openhand.cur]
[max-themes.net/demos/bigslam/soccer3/plugins/revslider/public/assets/css/closedhand.cur]
[max-themes.net/demos/bigslam/soccer3/plugins/revslider/public/assets/assets/gridtile.png]
[max-themes.net/demos/bigslam/soccer3/plugins/revslider/public/assets/assets/gridtile_white.png]
[max-themes.net/demos/bigslam/soccer3/plugins/revslider/public/assets/assets/gridtile_3x3.png]
[max-themes.net/demos/bigslam/soccer3/plugins/revslider/public/assets/assets/gridtile_3x3_white.png]
[max-themes.net/demos/bigslam/soccer3/plugins/revslider/public/assets/assets/coloredbg.png]
[max-themes.net/demos/bigslam/soccer3/plugins/revslider/public/assets/assets/loader.gif]
[max-themes.net/demos/bigslam/soccer3/plugins/revslider/public/assets/css/rs6.css]
[max-themes.net/demos/bigslam/soccer3/plugins/sportspress/assets/images/maps/pin.png]
[max-themes.net/demos/bigslam/soccer3/plugins/sportspress/assets/css/sportspress.css]
[max-themes.net/demos/bigslam/soccer3/plugins/sportspress/assets/fonts/sportspress.eot]
[max-themes.net/demos/bigslam/soccer3/plugins/sportspress/assets/fonts/sportspress-1.eot]
[max-themes.net/demos/bigslam/soccer3/plugins/sportspress/assets/fonts/sportspress.woff2]
[max-themes.net/demos/bigslam/soccer3/plugins/sportspress/assets/fonts/sportspress.ttf]
[max-themes.net/demos/bigslam/soccer3/plugins/sportspress/assets/fonts/sportspress.woff]
[max-themes.net/demos/bigslam/soccer3/plugins/sportspress/assets/css/icons.css]
[max-themes.net/demos/bigslam/soccer3/plugins/sportspress/assets/fonts/sportspress.svg]
[max-themes.net/demos/bigslam/soccer3/images/preload.gif]
[max-themes.net/demos/bigslam/soccer3/images/page-title-background.jpg]
[max-themes.net/demos/bigslam/soccer3/images/blog-title-gradient.png]
[max-themes.net/demos/bigslam/soccer3/images/blog-title-top-gradient.png]
[max-themes.net/demos/bigslam/soccer3/images/404-background.jpg]
[max-themes.net/demos/bigslam/soccer3/css/style-core.css]
[max-themes.net/demos/bigslam/soccer3/images/court-bg.jpg]
[max-themes.net/demos/bigslam/soccer3/images/player-list-shadow.png]
[max-themes.net/demos/bigslam/soccer3/plugins/goodlayers-core/include/images/pattern/pattern-1.png]
[max-themes.net/demos/bigslam/soccer3/upload/featured-score-1.jpg]
[max-themes.net/demos/bigslam/soccer3/upload/page-title.jpg]
[max-themes.net/demos/bigslam/soccer3/fonts/Jost-100-Hairline.eot]
[max-themes.net/demos/bigslam/soccer3/fonts/Jost-100-Hairline-1.eot]
[max-themes.net/demos/bigslam/soccer3/fonts/Jost-100-Hairline.ttf]
[max-themes.net/demos/bigslam/soccer3/fonts/Jost-200-Thin.eot]
[max-themes.net/demos/bigslam/soccer3/fonts/Jost-200-Thin-1.eot]
[max-themes.net/demos/bigslam/soccer3/fonts/Jost-200-Thin.ttf]
[max-themes.net/demos/bigslam/soccer3/fonts/Jost-300-Light.eot]
[max-themes.net/demos/bigslam/soccer3/fonts/Jost-300-Light-1.eot]
[max-themes.net/demos/bigslam/soccer3/fonts/Jost-300-Light.ttf]
[max-themes.net/demos/bigslam/soccer3/fonts/Jost-400-Book.eot]
[max-themes.net/demos/bigslam/soccer3/fonts/Jost-400-Book.ttf]
[max-themes.net/demos/bigslam/soccer3/fonts/Jost-400-Book-1.eot]
[max-themes.net/demos/bigslam/soccer3/fonts/Jost-500-Medium.eot]
[max-themes.net/demos/bigslam/soccer3/fonts/Jost-500-Medium-1.eot]
[max-themes.net/demos/bigslam/soccer3/fonts/Jost-500-Medium.ttf]
[max-themes.net/demos/bigslam/soccer3/fonts/Jost-600-Semi.eot]
[max-themes.net/demos/bigslam/soccer3/fonts/Jost-600-Semi-1.eot]
[max-themes.net/demos/bigslam/soccer3/fonts/Jost-600-Semi.ttf]
[max-themes.net/demos/bigslam/soccer3/fonts/Jost-700-Bold.eot]
[max-themes.net/demos/bigslam/soccer3/fonts/Jost-700-Bold-1.eot]
[max-themes.net/demos/bigslam/soccer3/fonts/Jost-700-Bold.ttf]
[max-themes.net/demos/bigslam/soccer3/fonts/Jost-800-Heavy.eot]
[max-themes.net/demos/bigslam/soccer3/fonts/Jost-800-Heavy-1.eot]
[max-themes.net/demos/bigslam/soccer3/fonts/Jost-800-Heavy.ttf]
[max-themes.net/demos/bigslam/soccer3/fonts/Jost-900-Black.eot]
[max-themes.net/demos/bigslam/soccer3/fonts/Jost-900-Black-1.eot]
[max-themes.net/demos/bigslam/soccer3/css/bigslam-style-custom.css]
[max-themes.net/demos/bigslam/soccer3/fonts/Jost-900-Black.ttf]
[max-themes.net/demos/bigslam/soccer3/plugins/google-map-plugin/assets/images/nav.png]
[max-themes.net/demos/bigslam/soccer3/plugins/google-map-plugin/assets/images/loader.gif]
[max-themes.net/demos/bigslam/soccer3/plugins/google-map-plugin/assets/images/wpgmp-toggle-sprite.png]
[max-themes.net/demos/bigslam/soccer3/plugins/google-map-plugin/assets/images/cross.png]
[max-themes.net/demos/bigslam/soccer3/plugins/google-map-plugin/assets/css/frontend.css]
[max-themes.net/demos/bigslam/soccer3/index-2.html]
[max-themes.net/demos/bigslam/soccer3/schedule.html]
[max-themes.net/demos/bigslam/soccer3/upload/flag-12.png]
[max-themes.net/demos/bigslam/soccer3/schedule-featured-style.html]
[max-themes.net/demos/bigslam/soccer3/upload/flag-2.png]
[max-themes.net/demos/bigslam/soccer3/schedule-medium-style.html]
[max-themes.net/demos/bigslam/soccer3/upload/shutterstock_547210306.jpg]
[max-themes.net/demos/bigslam/soccer3/upload/flag-16-23x32.png]
[max-themes.net/demos/bigslam/soccer3/schedule-widget-style.html]
[max-themes.net/demos/bigslam/soccer3/player-list-default-style.html]
[max-themes.net/demos/bigslam/soccer3/upload/salah-300x300.jpg]
[max-themes.net/demos/bigslam/soccer3/upload/origi-300x300.jpg]
[max-themes.net/demos/bigslam/soccer3/upload/photodune-3281784-soccer-player-m-red-2-300x300.jpg]
[max-themes.net/demos/bigslam/soccer3/upload/Joe-Gomez-300x300.jpg]
[max-themes.net/demos/bigslam/soccer3/upload/Roberto-Firmino-1-300x300.jpg]
[max-themes.net/demos/bigslam/soccer3/upload/Georginio-Wijnaldum-300x300.jpg]
[max-themes.net/demos/bigslam/soccer3/upload/Naby-Keïta-300x300.jpg]
[max-themes.net/demos/bigslam/soccer3/upload/James-Milner-300x300.jpg]
[max-themes.net/demos/bigslam/soccer3/player-list-gallery.html]
[max-themes.net/demos/bigslam/soccer3/upload/photodune-3281784-soccer-player-m-red-2-600x577.jpg]
[max-themes.net/demos/bigslam/soccer3/upload/Georginio-Wijnaldum-600x577.jpg]
[max-themes.net/demos/bigslam/soccer3/upload/Joe-Gomez-600x577.jpg]
[max-themes.net/demos/bigslam/soccer3/upload/Naby-Keïta-600x577.jpg]
[max-themes.net/demos/bigslam/soccer3/upload/Roberto-Firmino-1-600x577.jpg]
[max-themes.net/demos/bigslam/soccer3/upload/salah-600x577.jpg]
[max-themes.net/demos/bigslam/soccer3/upload/James-Milner-600x577.jpg]
[max-themes.net/demos/bigslam/soccer3/upload/origi-600x577.jpg]
[max-themes.net/demos/bigslam/soccer3/player-list-style-1.html]
[max-themes.net/demos/bigslam/soccer3/player-list-style-2.html]
[max-themes.net/demos/bigslam/soccer3/upload/shutterstock_232351570-300x200.jpg]
[max-themes.net/demos/bigslam/soccer3/plugins/sportspress/assets/images/flags/usa.png]
[max-themes.net/demos/bigslam/soccer3/upload/team-8-117x128.png]
[max-themes.net/demos/bigslam/soccer3/upload/team-9-128x128.png]
[max-themes.net/demos/bigslam/soccer3/upload/team-6-128x128.png]
[max-themes.net/demos/bigslam/soccer3/upload/team-1-105x128.png]
[max-themes.net/demos/bigslam/soccer3/upload/team-7-128x109.png]
[max-themes.net/demos/bigslam/soccer3/upload/team-10-118x128.png]
[max-themes.net/demos/bigslam/soccer3/upload/team-3-128x100.png]
[max-themes.net/demos/bigslam/soccer3/upload/team-4-121x128.png]
[max-themes.net/demos/bigslam/soccer3/upload/team-5-128x115.png]
[max-themes.net/demos/bigslam/soccer3/upload/team-2-128x111.png]
[max-themes.net/demos/bigslam/soccer3/index-13a71.htm]
[max-themes.net/demos/bigslam/soccer3/index-26da6.htm]
[max-themes.net/demos/bigslam/soccer3/upload/shutterstock_109996532-150x150.jpg]
[max-themes.net/demos/bigslam/soccer3/upload/pexels-photo-110180-150x150.jpeg]
[max-themes.net/demos/bigslam/soccer3/upload/shutterstock_326061359-150x150.jpg]
[max-themes.net/demos/bigslam/soccer3/big-slam.html]
[max-themes.net/demos/bigslam/soccer3/games-details.html]
[max-themes.net/demos/bigslam/soccer3/game-results.html]
[max-themes.net/demos/bigslam/soccer3/game-box-scores.html]
[max-themes.net/demos/bigslam/soccer3/game-calendar.html]
[max-themes.net/demos/bigslam/soccer3/game-list.html]
[max-themes.net/demos/bigslam/soccer3/upload/flag-12-105x128.png]
[max-themes.net/demos/bigslam/soccer3/game-blocks.html]
[max-themes.net/demos/bigslam/soccer3/game-countdown.html]
[max-themes.net/demos/bigslam/soccer3/upload/origi-300x197.jpg]
[max-themes.net/demos/bigslam/soccer3/plugins/sportspress/assets/images/flags/rsa.png]
[max-themes.net/demos/bigslam/soccer3/upload/salah-300x197.jpg]
[max-themes.net/demos/bigslam/soccer3/plugins/sportspress/assets/images/flags/egy.png]
[max-themes.net/demos/bigslam/soccer3/player-details.html]
[max-themes.net/demos/bigslam/soccer3/player-statics.html]
[max-themes.net/demos/bigslam/soccer3/league-table.html]
[max-themes.net/demos/bigslam/soccer3/upload/service-bg-2.jpg]
[max-themes.net/demos/bigslam/soccer3/upload/player-5-single-1.jpg]
[max-themes.net/demos/bigslam/soccer3/upload/player-6-single.jpg]
[max-themes.net/demos/bigslam/soccer3/upload/player-2-single.jpg]
[max-themes.net/demos/bigslam/soccer3/upload/personnel-1-1-550x500.jpg]
[max-themes.net/demos/bigslam/soccer3/upload/personnel-2-1-550x500.jpg]
[max-themes.net/demos/bigslam/soccer3/upload/personnel-3-1-550x500.jpg]
[max-themes.net/demos/bigslam/soccer3/upload/personnel-6-550x500.jpg]
[max-themes.net/demos/bigslam/soccer3/upload/personnel-4-1-550x500.jpg]
[max-themes.net/demos/bigslam/soccer3/upload/personnel-4-550x500.jpg]
[max-themes.net/demos/bigslam/soccer3/about-us.html]
[max-themes.net/demos/bigslam/soccer3/upload/004-strategy.png]
[max-themes.net/demos/bigslam/soccer3/upload/002-basketball.png]
[max-themes.net/demos/bigslam/soccer3/upload/003-basketball-player.png]
[max-themes.net/demos/bigslam/soccer3/upload/001-player-jamming.png]
[max-themes.net/demos/bigslam/soccer3/upload/player-7.jpg]
[max-themes.net/demos/bigslam/soccer3/upload/about-icon-5.png]
[max-themes.net/demos/bigslam/soccer3/upload/service-bg-4.jpg]
[max-themes.net/demos/bigslam/soccer3/about-us-2.html]
[max-themes.net/demos/bigslam/soccer3/upload/page-title-2.jpg]
[max-themes.net/demos/bigslam/soccer3/upload/bg-about-1.jpg]
[max-themes.net/demos/bigslam/soccer3/upload/bg-about-2.jpg]
[max-themes.net/demos/bigslam/soccer3/upload/logo-slam-1.png]
[max-themes.net/demos/bigslam/soccer3/upload/logo-slam-2.png]
[max-themes.net/demos/bigslam/soccer3/upload/logo-slam-3.png]
[max-themes.net/demos/bigslam/soccer3/upload/logo-slam-4.png]
[max-themes.net/demos/bigslam/soccer3/about-us-3.html]
[max-themes.net/demos/bigslam/soccer3/about-our-team.html]
[max-themes.net/demos/bigslam/soccer3/upload/shutterstock_232344658-700x430.jpg]
[max-themes.net/demos/bigslam/soccer3/upload/shutterstock_363203270-700x430.jpg]
[max-themes.net/demos/bigslam/soccer3/upload/shutterstock_109996532-700x430.jpg]
[max-themes.net/demos/bigslam/soccer3/upload/shutterstock_109996532.jpg]
[max-themes.net/demos/bigslam/soccer3/upload/shutterstock_328424540-700x430.jpg]
[max-themes.net/demos/bigslam/soccer3/upload/shutterstock_127130255-700x430.jpg]
[max-themes.net/demos/bigslam/soccer3/upload/shutterstock_127130255.jpg]
[max-themes.net/demos/bigslam/soccer3/upload/shutterstock_116403520-700x430.jpg]
[max-themes.net/demos/bigslam/soccer3/upload/shutterstock_116403520.jpg]
[max-themes.net/demos/bigslam/soccer3/upload/shutterstock_136053347-700x430.jpg]
[max-themes.net/demos/bigslam/soccer3/upload/shutterstock_136053347.jpg]
[max-themes.net/demos/bigslam/soccer3/upload/shutterstock_547210306-700x430.jpg]
[max-themes.net/demos/bigslam/soccer3/js/isotope.js]
[max-themes.net/demos/bigslam/soccer3/portfolio-3-columns.html]
[max-themes.net/demos/bigslam/soccer3/portfolio-2-columns.html]
[max-themes.net/demos/bigslam/soccer3/portfolio-4-columns.html]
[max-themes.net/demos/bigslam/soccer3/portfolio-5-columns.html]
[max-themes.net/demos/bigslam/soccer3/portfolio-2-columns-with-frame.html]
[max-themes.net/demos/bigslam/soccer3/portfolio-3-columns-with-frame.html]
[max-themes.net/demos/bigslam/soccer3/portfolio-4-columns-with-frame.html]
[max-themes.net/demos/bigslam/soccer3/upload/shutterstock_232344658-700x660.jpg]
[max-themes.net/demos/bigslam/soccer3/upload/shutterstock_363203270-700x660.jpg]
[max-themes.net/demos/bigslam/soccer3/upload/shutterstock_109996532-700x660.jpg]
[max-themes.net/demos/bigslam/soccer3/upload/shutterstock_328424540-700x660.jpg]
[max-themes.net/demos/bigslam/soccer3/upload/shutterstock_127130255-700x660.jpg]
[max-themes.net/demos/bigslam/soccer3/upload/shutterstock_116403520-700x660.jpg]
[max-themes.net/demos/bigslam/soccer3/upload/shutterstock_136053347-700x660.jpg]
[max-themes.net/demos/bigslam/soccer3/upload/shutterstock_547210306-700x660.jpg]
[max-themes.net/demos/bigslam/soccer3/portfolio-2-columns-no-space.html]
[max-themes.net/demos/bigslam/soccer3/portfolio-3-columns-no-space.html]
[max-themes.net/demos/bigslam/soccer3/portfolio-4-columns-no-space.html]
[max-themes.net/demos/bigslam/soccer3/portfolio-5-columns-no-space.html]
[max-themes.net/demos/bigslam/soccer3/upload/shutterstock_232344658-600x800.jpg]
[max-themes.net/demos/bigslam/soccer3/upload/shutterstock_363203270-600x800.jpg]
[max-themes.net/demos/bigslam/soccer3/upload/shutterstock_109996532-600x800.jpg]
[max-themes.net/demos/bigslam/soccer3/upload/shutterstock_328424540-700x450.jpg]
[max-themes.net/demos/bigslam/soccer3/upload/shutterstock_136053347-700x450.jpg]
[max-themes.net/demos/bigslam/soccer3/upload/shutterstock_547210306-600x800.jpg]
[max-themes.net/demos/bigslam/soccer3/upload/pexels-photo-110180-700x450.jpg]
[max-themes.net/demos/bigslam/soccer3/upload/shutterstock_136301591-600x800.jpg]
[max-themes.net/demos/bigslam/soccer3/upload/shutterstock_217200307-600x800.jpg]
[max-themes.net/demos/bigslam/soccer3/portfolio-masonry-4-columns.html]
[max-themes.net/demos/bigslam/soccer3/portfolio-masonry-3-columns.html]
[max-themes.net/demos/bigslam/soccer3/portfolio-masonry-2-columns.html]
[max-themes.net/demos/bigslam/soccer3/upload/shutterstock_136301591.jpg]
[max-themes.net/demos/bigslam/soccer3/upload/shutterstock_217200307.jpg]
[max-themes.net/demos/bigslam/soccer3/upload/shutterstock_105679292-700x660.jpg]
[max-themes.net/demos/bigslam/soccer3/upload/shutterstock_105679292.jpg]
[max-themes.net/demos/bigslam/soccer3/upload/shoes-lebron-nike-spalding-700x450.jpg]
[max-themes.net/demos/bigslam/soccer3/upload/shoes-lebron-nike-spalding.jpg]
[max-themes.net/demos/bigslam/soccer3/upload/pexels-photo-24546-600x800.jpg]
[max-themes.net/demos/bigslam/soccer3/upload/pexels-photo-24546.jpg]
[max-themes.net/demos/bigslam/soccer3/upload/shutterstock_326061359-700x660.jpg]
[max-themes.net/demos/bigslam/soccer3/upload/shutterstock_220438474-700x660.jpg]
[max-themes.net/demos/bigslam/soccer3/upload/shutterstock_220438474.jpg]
[max-themes.net/demos/bigslam/soccer3/portfolio-masonry-4-columns-no-space.html]
[max-themes.net/demos/bigslam/soccer3/portfolio-masonry-3-columns-no-space.html]
[max-themes.net/demos/bigslam/soccer3/portfolio-masonry-2-columns-no-space.html]
[max-themes.net/demos/bigslam/soccer3/upload/shutterstock_232344658.jpg]
[max-themes.net/demos/bigslam/soccer3/upload/shutterstock_363203270.jpg]
[max-themes.net/demos/bigslam/soccer3/upload/shutterstock_328424540.jpg]
[max-themes.net/demos/bigslam/soccer3/page/2/index.htm]
[max-themes.net/demos/bigslam/soccer3/page/3/index.htm]
[max-themes.net/demos/bigslam/soccer3/page/4/index.htm]
[max-themes.net/demos/bigslam/soccer3/portfolio-left-small-thumbnail.html]
[max-themes.net/demos/bigslam/soccer3/portfolio-right-small-thumbnail.html]
[max-themes.net/demos/bigslam/soccer3/upload/service-bg-5.jpg]
[max-themes.net/demos/bigslam/soccer3/plugins/quform/js/plugins.js]
[max-themes.net/demos/bigslam/soccer3/plugins/quform/js/scripts.js]
[max-themes.net/demos/bigslam/soccer3/contact.html]
[max-themes.net/demos/bigslam/soccer3/upload/service-bg-3.jpg]
[max-themes.net/demos/bigslam/soccer3/price-table.html]
[max-themes.net/demos/bigslam/soccer3/maintenance.html]
[max-themes.net/demos/bigslam/soccer3/coming-soon.html]
[max-themes.net/demos/bigslam/soccer3/404.html]
[max-themes.net/demos/bigslam/soccer3/upload/shutterstock_433241116-1280x580.jpg]
[max-themes.net/demos/bigslam/soccer3/upload/shutterstock_706586722-1280x580.jpg]
[max-themes.net/demos/bigslam/soccer3/upload/shutterstock_1106251691-1280x580.jpg]
[max-themes.net/demos/bigslam/soccer3/upload/shutterstock_719387275-1280x580.jpg]
[max-themes.net/demos/bigslam/soccer3/upload/shutterstock_1036132993-1280x580.jpg]
[max-themes.net/demos/bigslam/soccer3/upload/photodune-7717723-soccer-players-m-1280x580.jpg]
[max-themes.net/demos/bigslam/soccer3/upload/shutterstock_706586722-150x150.jpg]
[max-themes.net/demos/bigslam/soccer3/upload/shutterstock_719387275-150x150.jpg]
[max-themes.net/demos/bigslam/soccer3/upload/photodune-7717723-soccer-players-m-150x150.jpg]
[max-themes.net/demos/bigslam/soccer3/upload/shutterstock_232344658-150x150.jpg]
[max-themes.net/demos/bigslam/soccer3/upload/shutterstock_363203270-150x150.jpg]
[max-themes.net/demos/bigslam/soccer3/upload/shutterstock_328424540-150x150.jpg]
[max-themes.net/demos/bigslam/soccer3/upload/shutterstock_127130255-150x150.jpg]
[max-themes.net/demos/bigslam/soccer3/upload/shutterstock_116403520-150x150.jpg]
[max-themes.net/demos/bigslam/soccer3/upload/shutterstock_136053347-150x150.jpg]
[max-themes.net/demos/bigslam/soccer3/upload/shutterstock_547210306-150x150.jpg]
[max-themes.net/demos/bigslam/soccer3/blog-full-right-sidebar.html]
[max-themes.net/demos/bigslam/soccer3/blog-full-right-sidebar-with-frame.html]
[max-themes.net/demos/bigslam/soccer3/blog-full-left-sidebar-with-frame.html]
[max-themes.net/demos/bigslam/soccer3/blog-full-both-sidebar-with-frame.html]
[max-themes.net/demos/bigslam/soccer3/blog-full-left-sidebar.html]
[max-themes.net/demos/bigslam/soccer3/blog-full-both-sidebar.html]
[max-themes.net/demos/bigslam/soccer3/blog-grid-3-columns-no-space.html]
[max-themes.net/demos/bigslam/soccer3/upload/shutterstock_706586722-700x660.jpg]
[max-themes.net/demos/bigslam/soccer3/upload/shutterstock_1106251691-700x660.jpg]
[max-themes.net/demos/bigslam/soccer3/upload/shutterstock_719387275-700x660.jpg]
[max-themes.net/demos/bigslam/soccer3/upload/shutterstock_1036132993-700x660.jpg]
[max-themes.net/demos/bigslam/soccer3/upload/photodune-7717723-soccer-players-m-700x660.jpg]
[max-themes.net/demos/bigslam/soccer3/upload/pic-gel-1-700x660.jpg]
[max-themes.net/demos/bigslam/soccer3/blog-grid-2-columns.html]
[max-themes.net/demos/bigslam/soccer3/blog-grid-3-columns.html]
[max-themes.net/demos/bigslam/soccer3/blog-grid-4-columns.html]
[max-themes.net/demos/bigslam/soccer3/blog-3-columns-with-frame.html]
[max-themes.net/demos/bigslam/soccer3/upload/shutterstock_706586722-700x430.jpg]
[max-themes.net/demos/bigslam/soccer3/upload/shutterstock_1106251691-700x430.jpg]
[max-themes.net/demos/bigslam/soccer3/upload/shutterstock_719387275-700x430.jpg]
[max-themes.net/demos/bigslam/soccer3/upload/shutterstock_1036132993-700x430.jpg]
[max-themes.net/demos/bigslam/soccer3/upload/photodune-7717723-soccer-players-m-700x430.jpg]
[max-themes.net/demos/bigslam/soccer3/upload/pic-gel-1-700x430.jpg]
[max-themes.net/demos/bigslam/soccer3/blog-2-columns.html]
[max-themes.net/demos/bigslam/soccer3/blog-3-columns.html]
[max-themes.net/demos/bigslam/soccer3/blog-4-columns.html]
[max-themes.net/demos/bigslam/soccer3/upload/shutterstock_232351570-800x533.jpg]
[max-themes.net/demos/bigslam/soccer3/index-18e42.htm]
[max-themes.net/demos/bigslam/soccer3/index-2267f.htm]
[max-themes.net/demos/bigslam/soccer3/upload/shutterstock_220438474-150x150.jpg]
[max-themes.net/demos/bigslam/soccer3/upload/shutterstock_306179018-150x150.jpg]
[max-themes.net/demos/bigslam/soccer3/upload/shutterstock_247257382-150x150.jpg]
[max-themes.net/demos/bigslam/soccer3/upload/pexels-photo-24546-150x150.jpg]
[max-themes.net/demos/bigslam/soccer3/upload/shoes-lebron-nike-spalding-150x150.jpg]
[max-themes.net/demos/bigslam/soccer3/upload/shutterstock_105679292-150x150.jpg]
[max-themes.net/demos/bigslam/soccer3/upload/shutterstock_217200307-150x150.jpg]
[max-themes.net/demos/bigslam/soccer3/standard-post-type.html]
[max-themes.net/demos/bigslam/soccer3/accordions-toggles.html]
[max-themes.net/demos/bigslam/soccer3/alert-box.html]
[max-themes.net/demos/bigslam/soccer3/blockquotes.html]
[max-themes.net/demos/bigslam/soccer3/buttons.html]
[max-themes.net/demos/bigslam/soccer3/upload/hp-score-bg.jpg]
[max-themes.net/demos/bigslam/soccer3/call-to-action.html]
[max-themes.net/demos/bigslam/soccer3/upload/hp-blog-bg.jpg]
[max-themes.net/demos/bigslam/soccer3/column-services.html]
[max-themes.net/demos/bigslam/soccer3/columns.html]
[max-themes.net/demos/bigslam/soccer3/counters.html]
[max-themes.net/demos/bigslam/soccer3/count-down.html]
[max-themes.net/demos/bigslam/soccer3/dividers.html]
[max-themes.net/demos/bigslam/soccer3/dropcaps.html]
[max-themes.net/demos/bigslam/soccer3/upload/service-bg-6.jpg]
[max-themes.net/demos/bigslam/soccer3/upload/service-bg-1.jpg]
[max-themes.net/demos/bigslam/soccer3/featured-boxes.html]
[max-themes.net/demos/bigslam/soccer3/upload/slider-1-2.jpg]
[max-themes.net/demos/bigslam/soccer3/flip-boxes.html]
[max-themes.net/demos/bigslam/soccer3/icon-list.html]
[max-themes.net/demos/bigslam/soccer3/icons.html]
[max-themes.net/demos/bigslam/soccer3/upload/shutterstock_547210306-400x257.jpg]
[max-themes.net/demos/bigslam/soccer3/upload/shutterstock_328424540-400x257.jpg]
[max-themes.net/demos/bigslam/soccer3/upload/shutterstock_232344658-400x257.jpg]
[max-themes.net/demos/bigslam/soccer3/upload/pexels-photo-110180-800x533.jpeg]
[max-themes.net/demos/bigslam/soccer3/upload/player-8-single-400x257.jpg]
[max-themes.net/demos/bigslam/soccer3/upload/player-9-single-400x257.jpg]
[max-themes.net/demos/bigslam/soccer3/upload/shutterstock_116403520-400x400.jpg]
[max-themes.net/demos/bigslam/soccer3/upload/shutterstock_109996532-400x400.jpg]
[max-themes.net/demos/bigslam/soccer3/upload/shutterstock_326061359-400x400.jpg]
[max-themes.net/demos/bigslam/soccer3/upload/pexels-photo-24546-400x257.jpg]
[max-themes.net/demos/bigslam/soccer3/upload/pexels-photo-119631-400x257.jpeg]
[max-themes.net/demos/bigslam/soccer3/images.html]
[max-themes.net/demos/bigslam/soccer3/upload/pexels-photo-24546-400x245.jpg]
[max-themes.net/demos/bigslam/soccer3/upload/pexels-photo-110180-400x245.jpeg]
[max-themes.net/demos/bigslam/soccer3/upload/pexels-photo-119631-400x245.jpeg]
[max-themes.net/demos/bigslam/soccer3/upload/shoes-lebron-nike-spalding-400x245.jpg]
[max-themes.net/demos/bigslam/soccer3/upload/shutterstock_547210306-400x245.jpg]
[max-themes.net/demos/bigslam/soccer3/upload/shutterstock_328424540-400x245.jpg]
[max-themes.net/demos/bigslam/soccer3/upload/shutterstock_158436398-400x245.jpg]
[max-themes.net/demos/bigslam/soccer3/upload/shutterstock_326061359-400x245.jpg]
[max-themes.net/demos/bigslam/soccer3/promo-boxes.html]
[max-themes.net/demos/bigslam/soccer3/skill-bar.html]
[max-themes.net/demos/bigslam/soccer3/skill-circle.html]
[max-themes.net/demos/bigslam/soccer3/social-shares.html]
[max-themes.net/demos/bigslam/soccer3/stunning-texts.html]
[max-themes.net/demos/bigslam/soccer3/tabs-horizontal.html]
[max-themes.net/demos/bigslam/soccer3/tabs-vertical.html]
[max-themes.net/demos/bigslam/soccer3/upload/personnel-6-150x150.jpg]
[max-themes.net/demos/bigslam/soccer3/upload/personnel-1-150x150.jpg]
[max-themes.net/demos/bigslam/soccer3/upload/personnel-5-150x150.jpg]
[max-themes.net/demos/bigslam/soccer3/upload/personnel-2-150x150.jpg]
[max-themes.net/demos/bigslam/soccer3/upload/personnel-3-150x150.jpg]
[max-themes.net/demos/bigslam/soccer3/upload/personnel-4-150x150.jpg]
[max-themes.net/demos/bigslam/soccer3/testimonial.html]
[max-themes.net/demos/bigslam/soccer3/titles.html]
[max-themes.net/demos/bigslam/soccer3/typography.html]
[max-themes.net/demos/bigslam/soccer3/venue/spurs-stadium/index.html]
[max-themes.net/demos/bigslam/soccer3/event/juventus-vs-man-utd/index.html]
[max-themes.net/demos/bigslam/soccer3/upload/Naby-Keïta-700x577.html]
[max-themes.net/demos/bigslam/soccer3/upload/Naby-Keïta-150x150.html]
[max-themes.net/demos/bigslam/soccer3/schedule/index.html]
[max-themes.net/demos/bigslam/soccer3/player-list-default-style/index.html]
[max-themes.net/demos/bigslam/soccer3/team/liverpool/index.html]
[max-themes.net/demos/bigslam/soccer3/blog-full-right-sidebar/index.html]
[max-themes.net/demos/bigslam/soccer3/js/jquery/jquery.js]
[max-themes.net/demos/bigslam/soccer3/js/jquery/jquery-migrate.min.js]
[max-themes.net/demos/bigslam/soccer3/Version/index.html]
[max-themes.net/demos/bigslam/soccer3/CustomEase.min.201.delayed]
[max-themes.net/demos/bigslam/TweenLite.min.js]
[max-themes.net/demos/bigslam/soccer3/plugins/revslider/public/assets/js/revolution.tools.min.js]
[max-themes.net/demos/bigslam/soccer3/plugins/revslider/public/assets/js/rs6.min.js]
[max-themes.net/demos/bigslam/soccer3/plugins/snazzy-maps/snazzymaps.js]
[player.vimeo.com/api/player.js]
[max-themes.net/demos/bigslam/soccer3/origin=https_/index.html]
[max-themes.net/demos/bigslam/soccer3/GET]
[max-themes.net/demos/bigslam/soccer3/video/index.html]
[max-themes.net/demos/bigslam/soccer3/image/index.html]
[max-themes.net/demos/bigslam/soccer3/Error pJS - No image.src]
[max-themes.net/demos/bigslam/soccer3/plugins/goodlayers-core/plugins/script.js]
[max-themes.net/demos/bigslam/soccer3/plugins/goodlayers-core/include/js/page-builder.js]
[max-themes.net/demos/bigslam/soccer3/plugins/sportspress/assets/js/jquery.dataTables.min.js]
[max-themes.net/demos/bigslam/soccer3/plugins/sportspress/assets/js/sportspress.js]
[max-themes.net/demos/bigslam/soccer3/js/jquery/ui/effect.min.js]
[max-themes.net/demos/bigslam/soccer3/js/plugins.js]
[max-themes.net/demos/bigslam/soccer3/plugins/google-map-plugin/assets/js/maps.js]
[max-themes.net/demos/bigslam/soccer3/plugins/goodlayers-core/plugins/fontawesome/fontawesome-webfont.svg]
[max-themes.net/demos/bigslam/soccer3/plugins/goodlayers-core/plugins/elegant/ElegantIcons.svg]
[max-themes.net/demos/bigslam/soccer3/plugins/goodlayers-core/plugins/arrow-prev-icon-64.html]
[max-themes.net/demos/bigslam/soccer3/plugins/goodlayers-core/plugins/fa5/fa-brands-400.svg]
[max-themes.net/demos/bigslam/soccer3/plugins/goodlayers-core/plugins/fa5/fa-regular-400.svg]
[max-themes.net/demos/bigslam/soccer3/plugins/goodlayers-core/plugins/fa5/fa-solid-900.svg]
[max-themes.net/demos/bigslam/soccer3/plugins/goodlayers-core/plugins/ionicons/ionicons.svg]
[max-themes.net/demos/bigslam/soccer3/plugins/goodlayers-core/plugins/simpleline/Simple-Line-Icons.svg]
[max-themes.net/demos/bigslam/soccer3/plugins/revslider/public/assets/fonts/revicons/revicons.svg]
[max-themes.net/demos/bigslam/soccer3/plugins/sportspress/assets/fonts/sportspress.svg]
[max-themes.net/demos/bigslam/soccer3/plugins/google-map-plugin/assets/images/nav.html]
[max-themes.net/demos/bigslam/soccer3/upload/Naby-Keïta-300x300.html]
[max-themes.net/demos/bigslam/soccer3/upload/Naby-Keïta-600x577.html]
[max-themes.net/demos/bigslam/soccer3/upload/team-8-117x128.html]
[max-themes.net/demos/bigslam/soccer3/upload/team-9-128x128.html]
[max-themes.net/demos/bigslam/soccer3/upload/team-6-128x128.html]
[max-themes.net/demos/bigslam/soccer3/upload/team-1-105x128.html]
[max-themes.net/demos/bigslam/soccer3/upload/team-7-128x109.html]
[max-themes.net/demos/bigslam/soccer3/upload/team-10-118x128.html]
[max-themes.net/demos/bigslam/soccer3/upload/team-3-128x100.html]
[max-themes.net/demos/bigslam/soccer3/upload/team-4-121x128.html]
[max-themes.net/demos/bigslam/soccer3/upload/team-5-128x115.html]
[max-themes.net/demos/bigslam/soccer3/upload/team-2-128x111.html]
[max-themes.net/demos/bigslam/soccer3/index-13a71.html]
[max-themes.net/demos/bigslam/soccer3/index-26da6.html]
[max-themes.net/demos/bigslam/soccer3/upload/pexels-photo-110180-150x150.html]
[max-themes.net/demos/bigslam/soccer3/upload/shutterstock_326061359-150x150.html]
[max-themes.net/demos/bigslam/soccer3/js/isotope.js]
[max-themes.net/demos/bigslam/soccer3/upload/shutterstock_217200307.html]
[max-themes.net/demos/bigslam/soccer3/upload/shutterstock_105679292.html]
[max-themes.net/demos/bigslam/soccer3/upload/shutterstock_220438474.html]
[max-themes.net/demos/bigslam/soccer3/page/2/index.html]
[max-themes.net/demos/bigslam/soccer3/page/3/index.html]
[max-themes.net/demos/bigslam/soccer3/page/4/index.html]
[max-themes.net/demos/bigslam/soccer3/plugins/quform/js/plugins.js]
[max-themes.net/demos/bigslam/soccer3/quform/images/success.png]
[max-themes.net/demos/bigslam/soccer3/quform/images/error.png]
[max-themes.net/demos/bigslam/soccer3/quform/images/default-loading.gif]
[max-themes.net/demos/bigslam/soccer3/quform/themes/light/images/close.png]
[max-themes.net/demos/bigslam/soccer3/quform/themes/light/images/input-active-bg-rep.png]
[max-themes.net/demos/bigslam/soccer3/quform/themes/dark/images/close.png]
[max-themes.net/demos/bigslam/soccer3/quform/themes/dark/images/input-active-bg-rep.png]
[max-themes.net/demos/bigslam/soccer3/quform/themes/dark/images/loading.gif]
[max-themes.net/demos/bigslam/soccer3/quform/themes/minimal/images/loading-dark.gif]
[max-themes.net/demos/bigslam/soccer3/plugins/quform/js/scripts.js]
[max-themes.net/demos/bigslam/soccer3/upload/shutterstock_232351570-800x533.html]
[max-themes.net/demos/bigslam/soccer3/index-18e42.html]
[max-themes.net/demos/bigslam/soccer3/index-2267f.html]
[max-themes.net/demos/bigslam/soccer3/upload/shutterstock_220438474-150x150.html]
[max-themes.net/demos/bigslam/soccer3/upload/shutterstock_306179018-150x150.html]
[max-themes.net/demos/bigslam/soccer3/upload/shutterstock_247257382-150x150.html]
[max-themes.net/demos/bigslam/soccer3/upload/pexels-photo-24546-150x150.html]
[max-themes.net/demos/bigslam/soccer3/upload/shoes-lebron-nike-spalding-150x150.html]
[max-themes.net/demos/bigslam/soccer3/upload/shutterstock_105679292-150x150.html]
[max-themes.net/demos/bigslam/soccer3/upload/shutterstock_217200307-150x150.html]
[max-themes.net/demos/bigslam/soccer3/upload/shutterstock_547210306-400x257.html]
[max-themes.net/demos/bigslam/soccer3/upload/shutterstock_328424540-400x257.html]
[max-themes.net/demos/bigslam/soccer3/upload/shutterstock_232344658-400x257.html]
[max-themes.net/demos/bigslam/soccer3/upload/pexels-photo-110180-800x533.html]
[max-themes.net/demos/bigslam/soccer3/upload/player-8-single-400x257.html]
[max-themes.net/demos/bigslam/soccer3/upload/player-9-single-400x257.html]
[max-themes.net/demos/bigslam/soccer3/upload/shutterstock_116403520-400x400.html]
[max-themes.net/demos/bigslam/soccer3/upload/shutterstock_109996532-400x400.html]
[max-themes.net/demos/bigslam/soccer3/upload/shutterstock_326061359-400x400.html]
[max-themes.net/demos/bigslam/soccer3/upload/pexels-photo-24546-400x257.html]
[max-themes.net/demos/bigslam/soccer3/upload/pexels-photo-119631-400x257.html]
[max-themes.net/demos/bigslam/soccer3/upload/pexels-photo-24546-400x245.html]
[max-themes.net/demos/bigslam/soccer3/upload/pexels-photo-110180-400x245.html]
[max-themes.net/demos/bigslam/soccer3/upload/pexels-photo-119631-400x245.html]
[max-themes.net/demos/bigslam/soccer3/upload/shoes-lebron-nike-spalding-400x245.html]
[max-themes.net/demos/bigslam/soccer3/upload/shutterstock_547210306-400x245.html]
[max-themes.net/demos/bigslam/soccer3/upload/shutterstock_328424540-400x245.html]
[max-themes.net/demos/bigslam/soccer3/upload/shutterstock_158436398-400x245.html]
[max-themes.net/demos/bigslam/soccer3/upload/shutterstock_326061359-400x245.html]
[max-themes.net/demos/bigslam/soccer3/Version/index.html]
[max-themes.net/demos/bigslam/soccer3/CustomEase.min.html]
[max-themes.net/demos/bigslam/TweenLite.min.html]
[max-themes.net/demos/bigslam/soccer3/origin=https_/index.html]
[max-themes.net/demos/bigslam/soccer3/video/index.html]
[max-themes.net/demos/bigslam/soccer3/image/index.html]
[max-themes.net/demos/bigslam/soccer3/GET.html]
[max-themes.net/demos/bigslam/soccer3/Error pJS - No image.html]
[max-themes.net/demos/bigslam/soccer3/quform/images/success.html]
[max-themes.net/demos/bigslam/soccer3/quform/images/error.html]
[max-themes.net/demos/bigslam/soccer3/quform/images/default-loading.html]
[max-themes.net/demos/bigslam/soccer3/quform/themes/light/images/close.html]
[max-themes.net/demos/bigslam/soccer3/quform/themes/light/images/input-active-bg-rep.html]
[max-themes.net/demos/bigslam/soccer3/quform/themes/dark/images/close.html]
[max-themes.net/demos/bigslam/soccer3/quform/themes/dark/images/input-active-bg-rep.html]
[max-themes.net/demos/bigslam/soccer3/quform/themes/dark/images/loading.html]
[max-themes.net/demos/bigslam/soccer3/quform/themes/minimal/images/loading-dark.html]
